c:\dev\semperengine\binaries\intermediate\debug-windows-x86_64\debug\glfw\vulkan.obj
c:\dev\semperengine\binaries\intermediate\debug-windows-x86_64\debug\glfw\win32_time.obj
c:\dev\semperengine\binaries\intermediate\debug-windows-x86_64\debug\glfw\osmesa_context.obj
c:\dev\semperengine\binaries\intermediate\debug-windows-x86_64\debug\glfw\win32_init.obj
c:\dev\semperengine\binaries\intermediate\debug-windows-x86_64\debug\glfw\context.obj
c:\dev\semperengine\binaries\intermediate\debug-windows-x86_64\debug\glfw\win32_thread.obj
c:\dev\semperengine\binaries\intermediate\debug-windows-x86_64\debug\glfw\input.obj
c:\dev\semperengine\binaries\intermediate\debug-windows-x86_64\debug\glfw\wgl_context.obj
c:\dev\semperengine\binaries\intermediate\debug-windows-x86_64\debug\glfw\win32_joystick.obj
c:\dev\semperengine\binaries\intermediate\debug-windows-x86_64\debug\glfw\egl_context.obj
c:\dev\semperengine\binaries\intermediate\debug-windows-x86_64\debug\glfw\win32_monitor.obj
c:\dev\semperengine\binaries\intermediate\debug-windows-x86_64\debug\glfw\init.obj
c:\dev\semperengine\binaries\intermediate\debug-windows-x86_64\debug\glfw\window.obj
c:\dev\semperengine\binaries\intermediate\debug-windows-x86_64\debug\glfw\monitor.obj
c:\dev\semperengine\binaries\intermediate\debug-windows-x86_64\debug\glfw\win32_window.obj
c:\dev\semperengine\binaries\intermediate\debug-windows-x86_64\debug\glfw\glfw.pdb
c:\dev\semperengine\binaries\debug-windows-x86_64\glfw.lib
c:\dev\semperengine\binaries\intermediate\debug-windows-x86_64\debug\glfw\glfw.idb
c:\dev\semperengine\scripts\build\..\..\binaries\debug-windows-x86_64\glfw.lib
c:\dev\semperengine\binaries\intermediate\debug-windows-x86_64\debug\glfw\glfw.tlog\cl.13952.write.1.tlog
c:\dev\semperengine\binaries\intermediate\debug-windows-x86_64\debug\glfw\glfw.tlog\cl.command.1.tlog
c:\dev\semperengine\binaries\intermediate\debug-windows-x86_64\debug\glfw\glfw.tlog\cl.read.1.tlog
c:\dev\semperengine\binaries\intermediate\debug-windows-x86_64\debug\glfw\glfw.tlog\lib-link.read.1.tlog
c:\dev\semperengine\binaries\intermediate\debug-windows-x86_64\debug\glfw\glfw.tlog\lib-link.write.1.tlog
c:\dev\semperengine\binaries\intermediate\debug-windows-x86_64\debug\glfw\glfw.tlog\lib.command.1.tlog
