  Precompiled.cpp
  ImGuizmo.cpp
  stb_image.cpp
  InputGLFW.cpp
  WindowGLFW.cpp
  EngineApplication.cpp
  LayerStack.cpp
  Window.cpp
  Backend.cpp
  Framebuffer.cpp
  IndexBuffer.cpp
  RenderContext.cpp
  Shader.cpp
  Texture.cpp
  VertexArray.cpp
  VertexBuffer.cpp
  VertexBufferElement.cpp
  GLBackend.cpp
  GLFramebuffer.cpp
  GLIndexBuffer.cpp
C:\Dev\SemperEngine\SemperEngine\Source\SemperEngine\Core\EngineApplication.cpp(119,62): warning C4244: "Argument": Konvertierung von "unsigned int" in "float", möglicher Datenverlust
C:\Dev\SemperEngine\SemperEngine\Source\SemperEngine\Core\EngineApplication.cpp(119,47): warning C4244: "Argument": Konvertierung von "unsigned int" in "float", möglicher Datenverlust
C:\Dev\SemperEngine\SemperEngine\Source\SemperEngine\Graphics\Backend\API\Texture.cpp(29): warning C4715: "SemperEngine::Texture2D::Create": Nicht alle Codepfade geben einen Wert zurück.
C:\Dev\SemperEngine\SemperEngine\Source\SemperEngine\Graphics\Backend\API\Texture.cpp(69): warning C4715: "SemperEngine::Texture2D::Create": Nicht alle Codepfade geben einen Wert zurück.
C:\Dev\SemperEngine\SemperEngine\Source\SemperEngine\Graphics\Backend\API\Texture.cpp(49): warning C4715: "SemperEngine::Texture2D::Create": Nicht alle Codepfade geben einen Wert zurück.
  GLRenderContext.cpp
  GLShader.cpp
  GLTexture.cpp
  GLTools.cpp
C:\Dev\SemperEngine\SemperEngine\Source\SemperEngine\Graphics\Backend\OpenGL\GLBackend.cpp(25,27): warning C4244: "Argument": Konvertierung von "float" in "GLsizei", möglicher Datenverlust
C:\Dev\SemperEngine\SemperEngine\Source\SemperEngine\Graphics\Backend\OpenGL\GLBackend.cpp(25,20): warning C4244: "Argument": Konvertierung von "float" in "GLsizei", möglicher Datenverlust
C:\Dev\SemperEngine\SemperEngine\Source\SemperEngine\Graphics\Backend\OpenGL\GLBackend.cpp(25,17): warning C4244: "Argument": Konvertierung von "float" in "GLint", möglicher Datenverlust
C:\Dev\SemperEngine\SemperEngine\Source\SemperEngine\Graphics\Backend\OpenGL\GLBackend.cpp(25,14): warning C4244: "Argument": Konvertierung von "float" in "GLint", möglicher Datenverlust
  GLVertexArray.cpp
  GLVertexBuffer.cpp
C:\Dev\SemperEngine\SemperEngine\Source\SemperEngine\Graphics\Backend\OpenGL\GLFramebuffer.cpp(57,52): warning C4312: "reinterpret_cast": Konvertierung von "const SemperEngine::U32" in größeren Typ "void *"
  Camera.cpp
  EditorCamera.cpp
C:\Dev\SemperEngine\SemperEngine\Source\SemperEngine\Graphics\Backend\OpenGL\GLTexture.cpp(47,31): warning C4312: "Typumwandlung": Konvertierung von "const SemperEngine::RendererID" in größeren Typ "void *"
C:\Dev\SemperEngine\SemperEngine\Source\SemperEngine\Graphics\Backend\OpenGL\GLShader.cpp(34,47): warning C4312: "reinterpret_cast": Konvertierung von "const SemperEngine::RendererID" in größeren Typ "void *"
  OrthographicCamera.cpp
  OrthographicCameraController.cpp
  SceneCamera.cpp
  ImGuiBuild.cpp
  ImGuiLayer.cpp
  Batcher2D.cpp
  Renderer.cpp
  ShaderManager.cpp
  Sprite.cpp
  Transform.cpp
  ConsoleLogger.cpp
  FileLogger.cpp
  Log.cpp
C:\Dev\SemperEngine\SemperEngine\Source\SemperEngine\Graphics\ImGui\ImGuiLayer.cpp(21,51): warning C4267: "Argument": Konvertierung von "size_t" nach "int", Datenverlust möglich
  LogConsole.cpp
  World.cpp
  Entity.cpp
  Scene.cpp
  UUID.cpp
C:\Dev\SemperEngine\SemperEngine\Source\SemperEngine\Scene\ECS\World.h(98): warning C4715: "SemperEngine::ECS::World::Get<SemperEngine::IdentificationComponent>": Nicht alle Codepfade geben einen Wert zurück.
C:\Dev\SemperEngine\SemperEngine\Source\SemperEngine\Scene\ECS\World.h(64): warning C4715: "SemperEngine::ECS::World::Add<SemperEngine::IdentificationComponent,SemperEngine::IdentificationComponent>": Nicht alle Codepfade geben einen Wert zurück.
C:\Dev\SemperEngine\SemperEngine\Source\SemperEngine\Scene\ECS\World.h(64): warning C4715: "SemperEngine::ECS::World::Add<SemperEngine::TransformComponent,SemperEngine::TransformComponent>": Nicht alle Codepfade geben einen Wert zurück.
C:\Dev\SemperEngine\SemperEngine\Source\SemperEngine\Scene\ECS\World.h(113): warning C4715: "SemperEngine::ECS::World::Has<SemperEngine::SpriteComponent>": Nicht alle Codepfade geben einen Wert zurück.
C:\Dev\SemperEngine\SemperEngine\Source\SemperEngine\Scene\ECS\World.h(113): warning C4715: "SemperEngine::ECS::World::Has<SemperEngine::TransformComponent>": Nicht alle Codepfade geben einen Wert zurück.
C:\Dev\SemperEngine\SemperEngine\Source\SemperEngine\Scene\ECS\World.h(98): warning C4715: "SemperEngine::ECS::World::Get<SemperEngine::SpriteComponent>": Nicht alle Codepfade geben einen Wert zurück.
C:\Dev\SemperEngine\SemperEngine\Source\SemperEngine\Scene\ECS\World.h(98): warning C4715: "SemperEngine::ECS::World::Get<SemperEngine::TransformComponent>": Nicht alle Codepfade geben einen Wert zurück.
C:\Dev\SemperEngine\SemperEngine\Source\SemperEngine\Scene\ECS\World.h(113): warning C4715: "SemperEngine::ECS::World::Has<SemperEngine::IdentificationComponent>": Nicht alle Codepfade geben einen Wert zurück.
  SemperEngine.vcxproj -> C:\Dev\SemperEngine\Scripts\Build\..\..\Binaries\Debug-windows-x86_64\SemperEngine.lib
