c:\dev\semperengine\binaries\intermediate\debug-windows-x86_64\debug\semperengine\semperengine.pch
c:\dev\semperengine\binaries\intermediate\debug-windows-x86_64\debug\semperengine\semperengine.pdb
c:\dev\semperengine\binaries\intermediate\debug-windows-x86_64\debug\semperengine\semperengine.idb
c:\dev\semperengine\binaries\intermediate\debug-windows-x86_64\debug\semperengine\precompiled.obj
c:\dev\semperengine\binaries\intermediate\debug-windows-x86_64\debug\semperengine\layerstack.obj
c:\dev\semperengine\binaries\intermediate\debug-windows-x86_64\debug\semperengine\framebuffer.obj
c:\dev\semperengine\binaries\intermediate\debug-windows-x86_64\debug\semperengine\vertexbuffer.obj
c:\dev\semperengine\binaries\intermediate\debug-windows-x86_64\debug\semperengine\gltools.obj
c:\dev\semperengine\binaries\intermediate\debug-windows-x86_64\debug\semperengine\imguilayer.obj
c:\dev\semperengine\binaries\intermediate\debug-windows-x86_64\debug\semperengine\scene.obj
c:\dev\semperengine\binaries\intermediate\debug-windows-x86_64\debug\semperengine\engineapplication.obj
c:\dev\semperengine\binaries\intermediate\debug-windows-x86_64\debug\semperengine\gltexture.obj
c:\dev\semperengine\binaries\intermediate\debug-windows-x86_64\debug\semperengine\orthographiccameracontroller.obj
c:\dev\semperengine\binaries\intermediate\debug-windows-x86_64\debug\semperengine\transform.obj
c:\dev\semperengine\binaries\intermediate\debug-windows-x86_64\debug\semperengine\uuid.obj
c:\dev\semperengine\binaries\intermediate\debug-windows-x86_64\debug\semperengine\window.obj
c:\dev\semperengine\binaries\intermediate\debug-windows-x86_64\debug\semperengine\shader.obj
c:\dev\semperengine\binaries\intermediate\debug-windows-x86_64\debug\semperengine\glindexbuffer.obj
c:\dev\semperengine\binaries\intermediate\debug-windows-x86_64\debug\semperengine\editorcamera.obj
c:\dev\semperengine\binaries\intermediate\debug-windows-x86_64\debug\semperengine\shadermanager.obj
c:\dev\semperengine\binaries\intermediate\debug-windows-x86_64\debug\semperengine\backend.obj
c:\dev\semperengine\binaries\intermediate\debug-windows-x86_64\debug\semperengine\vertexarray.obj
c:\dev\semperengine\binaries\intermediate\debug-windows-x86_64\debug\semperengine\glrendercontext.obj
c:\dev\semperengine\binaries\intermediate\debug-windows-x86_64\debug\semperengine\orthographiccamera.obj
c:\dev\semperengine\binaries\intermediate\debug-windows-x86_64\debug\semperengine\sprite.obj
c:\dev\semperengine\binaries\intermediate\debug-windows-x86_64\debug\semperengine\log.obj
c:\dev\semperengine\binaries\intermediate\debug-windows-x86_64\debug\semperengine\imguizmo.obj
c:\dev\semperengine\binaries\intermediate\debug-windows-x86_64\debug\semperengine\indexbuffer.obj
c:\dev\semperengine\binaries\intermediate\debug-windows-x86_64\debug\semperengine\vertexbufferelement.obj
c:\dev\semperengine\binaries\intermediate\debug-windows-x86_64\debug\semperengine\glvertexbuffer.obj
c:\dev\semperengine\binaries\intermediate\debug-windows-x86_64\debug\semperengine\renderer.obj
c:\dev\semperengine\binaries\intermediate\debug-windows-x86_64\debug\semperengine\windowglfw.obj
c:\dev\semperengine\binaries\intermediate\debug-windows-x86_64\debug\semperengine\glframebuffer.obj
c:\dev\semperengine\binaries\intermediate\debug-windows-x86_64\debug\semperengine\camera.obj
c:\dev\semperengine\binaries\intermediate\debug-windows-x86_64\debug\semperengine\imguibuild.obj
c:\dev\semperengine\binaries\intermediate\debug-windows-x86_64\debug\semperengine\consolelogger.obj
c:\dev\semperengine\binaries\intermediate\debug-windows-x86_64\debug\semperengine\world.obj
c:\dev\semperengine\binaries\intermediate\debug-windows-x86_64\debug\semperengine\entity.obj
c:\dev\semperengine\binaries\intermediate\debug-windows-x86_64\debug\semperengine\stb_image.obj
c:\dev\semperengine\binaries\intermediate\debug-windows-x86_64\debug\semperengine\rendercontext.obj
c:\dev\semperengine\binaries\intermediate\debug-windows-x86_64\debug\semperengine\glbackend.obj
c:\dev\semperengine\binaries\intermediate\debug-windows-x86_64\debug\semperengine\glvertexarray.obj
c:\dev\semperengine\binaries\intermediate\debug-windows-x86_64\debug\semperengine\batcher2d.obj
c:\dev\semperengine\binaries\intermediate\debug-windows-x86_64\debug\semperengine\logconsole.obj
c:\dev\semperengine\binaries\intermediate\debug-windows-x86_64\debug\semperengine\inputglfw.obj
c:\dev\semperengine\binaries\intermediate\debug-windows-x86_64\debug\semperengine\texture.obj
c:\dev\semperengine\binaries\intermediate\debug-windows-x86_64\debug\semperengine\glshader.obj
c:\dev\semperengine\binaries\intermediate\debug-windows-x86_64\debug\semperengine\scenecamera.obj
c:\dev\semperengine\binaries\intermediate\debug-windows-x86_64\debug\semperengine\filelogger.obj
c:\dev\semperengine\binaries\debug-windows-x86_64\semperengine.lib
c:\dev\semperengine\scripts\build\..\..\binaries\debug-windows-x86_64\semperengine.lib
c:\dev\semperengine\binaries\intermediate\debug-windows-x86_64\debug\semperengine\semperengine.tlog\cl.command.1.tlog
c:\dev\semperengine\binaries\intermediate\debug-windows-x86_64\debug\semperengine\semperengine.tlog\cl.read.1.tlog
c:\dev\semperengine\binaries\intermediate\debug-windows-x86_64\debug\semperengine\semperengine.tlog\cl.write.1.tlog
c:\dev\semperengine\binaries\intermediate\debug-windows-x86_64\debug\semperengine\semperengine.tlog\lib-link.read.1.tlog
c:\dev\semperengine\binaries\intermediate\debug-windows-x86_64\debug\semperengine\semperengine.tlog\lib-link.write.1.tlog
c:\dev\semperengine\binaries\intermediate\debug-windows-x86_64\debug\semperengine\semperengine.tlog\lib.command.1.tlog
